{"level":"info","message":"URL http://localhost:3000/blogs/0","timestamp":"2018-02-13T09:18:18.016Z"}
{"level":"info","message":"URL http://localhost:3000/auth/login","timestamp":"2018-02-13T09:18:18.075Z"}
{"level":"info","message":"URL http://localhost:3000/","timestamp":"2018-02-13T09:18:28.124Z"}
{"level":"info","message":"URL http://localhost:3000/favicon.ico","timestamp":"2018-02-13T09:18:28.714Z"}
{"level":"info","message":"URL http://localhost:3000/auth/login","timestamp":"2018-02-13T09:18:29.826Z"}
{"level":"info","message":"URL http://localhost:3000/auth/login","timestamp":"2018-02-13T09:18:31.302Z"}
{"level":"info","message":"URL http://localhost:3000/","timestamp":"2018-02-13T09:18:31.508Z"}
{"level":"info","message":"URL http://localhost:3000/blogs","timestamp":"2018-02-13T09:18:32.202Z"}
{"level":"info","message":"URL http://localhost:3000/blogs","timestamp":"2018-02-13T09:39:23.522Z"}
{"level":"info","message":"URL http://localhost:3000/auth/login","timestamp":"2018-02-13T09:39:23.550Z"}
{"level":"info","message":"URL http://localhost:3000/","timestamp":"2018-02-13T09:39:51.476Z"}
{"level":"info","message":"URL http://localhost:3000/blogs","timestamp":"2018-02-13T09:39:53.059Z"}
{"level":"info","message":"URL http://localhost:3000/blogs","timestamp":"2018-02-13T09:39:54.515Z"}
{"level":"info","message":"URL http://localhost:3000/blogs","timestamp":"2018-02-13T09:39:54.777Z"}
{"level":"info","message":"URL http://localhost:3000/blogs","timestamp":"2018-02-13T09:39:54.911Z"}
{"level":"info","message":"URL http://localhost:3000/blogs","timestamp":"2018-02-13T09:40:00.577Z"}
{"level":"info","message":"URL http://localhost:3000/blogs","timestamp":"2018-02-13T09:40:02.340Z"}
{"level":"info","message":"URL http://localhost:3000/blogs","timestamp":"2018-02-13T09:40:02.778Z"}
{"level":"info","message":"URL http://localhost:3000/blogs","timestamp":"2018-02-13T09:40:03.266Z"}
{"level":"info","message":"URL http://localhost:3000/blogs","timestamp":"2018-02-13T09:40:53.392Z"}
